#
# A fatal error has been detected by the Java Runtime Environment:
#
#  EXCEPTION_ACCESS_VIOLATION (0xc0000005) at pc=0x000000006d9faefd, pid=584, tid=5928
#
# JRE version: 6.0_31-b05
# Java VM: Java HotSpot(TM) 64-Bit Server VM (20.6-b01 mixed mode windows-amd64 compressed oops)
# Problematic frame:
# V  [jvm.dll+0x14aefd]
#
# If you would like to submit a bug report, please visit:
#   http://java.sun.com/webapps/bugreport/crash.jsp
#

---------------  T H R E A D  ---------------

Current thread (0x00000000066ed800):  JavaThread "JDWP Transport Listener: dt_socket" daemon [_thread_in_vm, id=5928, stack(0x0000000006a80000,0x0000000006b80000)]

siginfo: ExceptionCode=0xc0000005, reading address 0xffffffffffffffff

Registers:
RAX=0x00000000067c26b0, RBX=0x00000000073ad780, RCX=0x00000000067c26c0, RDX=0x32000000bebafeca
RSP=0x0000000006b7f960, RBP=0x00000000067c2bc0, RSI=0x0000000006b7fa40, RDI=0x00000000003694c0
R8 =0x0000000006b7fa40, R9 =0x0000000000000001, R10=0x0000000000000000, R11=0x0000000006b7fc14
R12=0x0000000000000001, R13=0x0000000000000000, R14=0x0000000000000000, R15=0x0000000000000000
RIP=0x000000006d9faefd, EFLAGS=0x0000000000010202

Top of Stack: (sp=0x0000000006b7f960)
0x0000000006b7f960:   0000000000000000 000000006d4e54d3
0x0000000006b7f970:   0000000006b7fb70 000000006dbbb8f5
0x0000000006b7f980:   00000000066ed800 000000006dbdab6a
0x0000000006b7f990:   0000000000000000 00000000066ed800
0x0000000006b7f9a0:   0000000006b7fa40 000000006d4e0d69
0x0000000006b7f9b0:   00000000066ed800 0000000000000000
0x0000000006b7f9c0:   0000000000000000 0000000000000000
0x0000000006b7f9d0:   0000000000000001 000000006d4dff6e
0x0000000006b7f9e0:   0000000006b7fa40 000000000687f548
0x0000000006b7f9f0:   0000000000000001 00000000067c2bc0
0x0000000006b7fa00:   0000000000000001 00000000067c2bc0
0x0000000006b7fa10:   0000000006b7fb70 000000006d4c4f64
0x0000000006b7fa20:   0000000006b7fb70 388d44070a000000
0x0000000006b7fa30:   00000000067676e0 0000000000000000
0x0000000006b7fa40:   0000000a06b7fb00 0000000000000000
0x0000000006b7fa50:   0000000000000000 0000000000000000 

Instructions: (pc=0x000000006d9faefd)
0x000000006d9faedd:   08 0f b6 0d 4b a3 5b 00 48 d3 e0 48 03 05 39 a3
0x000000006d9faeed:   5b 00 eb 04 48 8b 43 08 48 8b 50 10 48 8d 48 10
0x000000006d9faefd:   ff 92 20 01 00 00 84 c0 74 09 48 8b c3 48 83 c4
0x000000006d9faf0d:   20 5b c3 33 c0 48 83 c4 20 5b c3 cc cc cc cc cc 


Register to memory mapping:

RAX=0x00000000067c26b0 is an unknown value
RBX=0x00000000073ad780 is an unknown value
RCX=0x00000000067c26c0 is an unknown value
RDX=0x32000000bebafeca is an unknown value
RSP=0x0000000006b7f960 is pointing into the stack for thread: 0x00000000066ed800
RBP=0x00000000067c2bc0 is an unknown value
RSI=0x0000000006b7fa40 is pointing into the stack for thread: 0x00000000066ed800
RDI=0x00000000003694c0 is an unknown value
R8 =0x0000000006b7fa40 is pointing into the stack for thread: 0x00000000066ed800
R9 =0x0000000000000001 is an unknown value
R10=0x0000000000000000 is an unknown value
R11=0x0000000006b7fc14 is pointing into the stack for thread: 0x00000000066ed800
R12=0x0000000000000001 is an unknown value
R13=0x0000000000000000 is an unknown value
R14=0x0000000000000000 is an unknown value
R15=0x0000000000000000 is an unknown value


Stack: [0x0000000006a80000,0x0000000006b80000],  sp=0x0000000006b7f960,  free space=1022k
Native frames: (J=compiled Java code, j=interpreted, Vv=VM code, C=native code)
V  [jvm.dll+0x14aefd]


---------------  P R O C E S S  ---------------

Java Threads: ( => current thread )
  0x0000000006714800 JavaThread "Low Memory Detector" daemon [_thread_blocked, id=6596, stack(0x00000000070d0000,0x00000000071d0000)]
  0x0000000006704000 JavaThread "C2 CompilerThread1" daemon [_thread_blocked, id=4560, stack(0x0000000006fd0000,0x00000000070d0000)]
  0x00000000066fd800 JavaThread "C2 CompilerThread0" daemon [_thread_blocked, id=7792, stack(0x0000000006ed0000,0x0000000006fd0000)]
  0x00000000066f2000 JavaThread "JDWP Command Reader" daemon [_thread_in_native, id=5276, stack(0x0000000006dd0000,0x0000000006ed0000)]
  0x00000000066f1800 JavaThread "JDWP Event Helper Thread" daemon [_thread_blocked, id=6192, stack(0x0000000006c10000,0x0000000006d10000)]
=>0x00000000066ed800 JavaThread "JDWP Transport Listener: dt_socket" daemon [_thread_in_vm, id=5928, stack(0x0000000006a80000,0x0000000006b80000)]
  0x00000000066df000 JavaThread "Attach Listener" daemon [_thread_blocked, id=6956, stack(0x0000000006980000,0x0000000006a80000)]
  0x00000000066da000 JavaThread "Signal Dispatcher" daemon [_thread_blocked, id=6904, stack(0x0000000006880000,0x0000000006980000)]
  0x000000000052c800 JavaThread "Finalizer" daemon [_thread_blocked, id=7204, stack(0x0000000006580000,0x0000000006680000)]
  0x000000000052b000 JavaThread "Reference Handler" daemon [_thread_blocked, id=6104, stack(0x0000000006480000,0x0000000006580000)]
  0x000000000036c800 JavaThread "main" [_thread_blocked, id=6400, stack(0x00000000025c0000,0x00000000026c0000)]

Other Threads:
  0x0000000000521800 VMThread [stack: 0x0000000006380000,0x0000000006480000] [id=2808]
  0x000000000671d800 WatcherThread [stack: 0x00000000071d0000,0x00000000072d0000] [id=7524]

VM state:not at safepoint (normal execution)

VM Mutex/Monitor currently owned by a thread: None

Heap
 PSYoungGen      total 18496K, used 3190K [0x00000000eb600000, 0x00000000ecaa0000, 0x0000000100000000)
  eden space 15872K, 20% used [0x00000000eb600000,0x00000000eb91d850,0x00000000ec580000)
  from space 2624K, 0% used [0x00000000ec810000,0x00000000ec810000,0x00000000ecaa0000)
  to   space 2624K, 0% used [0x00000000ec580000,0x00000000ec580000,0x00000000ec810000)
 PSOldGen        total 42240K, used 0K [0x00000000c2200000, 0x00000000c4b40000, 0x00000000eb600000)
  object space 42240K, 0% used [0x00000000c2200000,0x00000000c2200000,0x00000000c4b40000)
 PSPermGen       total 21248K, used 4225K [0x00000000bd000000, 0x00000000be4c0000, 0x00000000c2200000)
  object space 21248K, 19% used [0x00000000bd000000,0x00000000bd420448,0x00000000be4c0000)

Code Cache  [0x00000000026c0000, 0x0000000002930000, 0x00000000056c0000)
 total_blobs=196 nmethods=12 adapters=146 free_code_cache=49911360 largest_free_block=7040

Dynamic libraries:
0x0000000000400000 - 0x000000000042f000 	C:\Program Files\Java\jdk1.6.0_31\bin\java.exe
0x00000000778e0000 - 0x0000000077a89000 	C:\Windows\SYSTEM32\ntdll.dll
0x0000000074e40000 - 0x0000000074e8d000 	C:\Program Files\AVAST Software\Avast\snxhk64.dll
0x00000000777c0000 - 0x00000000778df000 	C:\Windows\system32\KERNEL32.dll
0x000007fefd860000 - 0x000007fefd8cb000 	C:\Windows\system32\KERNELBASE.dll
0x000007feffb10000 - 0x000007feffbeb000 	C:\Windows\system32\ADVAPI32.dll
0x000007feff720000 - 0x000007feff7bf000 	C:\Windows\system32\msvcrt.dll
0x000007feff680000 - 0x000007feff69f000 	C:\Windows\SYSTEM32\sechost.dll
0x000007fefdad0000 - 0x000007fefdbfd000 	C:\Windows\system32\RPCRT4.dll
0x000000006d8b0000 - 0x000000006e068000 	C:\Program Files\Java\jdk1.6.0_31\jre\bin\server\jvm.dll
0x00000000776c0000 - 0x00000000777ba000 	C:\Windows\system32\USER32.dll
0x000007fefddf0000 - 0x000007fefde57000 	C:\Windows\system32\GDI32.dll
0x000007fefdac0000 - 0x000007fefdace000 	C:\Windows\system32\LPK.dll
0x000007feff7c0000 - 0x000007feff889000 	C:\Windows\system32\USP10.dll
0x000007fefb840000 - 0x000007fefb87b000 	C:\Windows\system32\WINMM.dll
0x000007fefe100000 - 0x000007fefe12e000 	C:\Windows\system32\IMM32.DLL
0x000007fefdc00000 - 0x000007fefdd09000 	C:\Windows\system32\MSCTF.dll
0x000000006d820000 - 0x000000006d82e000 	C:\Program Files\Java\jdk1.6.0_31\jre\bin\verify.dll
0x000000006d450000 - 0x000000006d477000 	C:\Program Files\Java\jdk1.6.0_31\jre\bin\java.dll
0x000000006d4c0000 - 0x000000006d4f4000 	C:\Program Files\Java\jdk1.6.0_31\jre\bin\jdwp.dll
0x000000006d6e0000 - 0x000000006d6e8000 	C:\Program Files\Java\jdk1.6.0_31\jre\bin\npt.dll
0x000000006d870000 - 0x000000006d882000 	C:\Program Files\Java\jdk1.6.0_31\jre\bin\zip.dll
0x000000006d310000 - 0x000000006d319000 	C:\Program Files\Java\jdk1.6.0_31\jre\bin\dt_socket.dll
0x000007feffac0000 - 0x000007feffb0d000 	C:\Windows\system32\WS2_32.dll
0x000007feff5d0000 - 0x000007feff5d8000 	C:\Windows\system32\NSI.dll
0x000007fefcec0000 - 0x000007fefcf15000 	C:\Windows\system32\mswsock.dll
0x000007fefc8c0000 - 0x000007fefc8c7000 	C:\Windows\System32\wshtcpip.dll
0x0000000077aa0000 - 0x0000000077aa7000 	C:\Windows\system32\PSAPI.DLL

VM Arguments:
jvm_args: -agentlib:jdwp=transport=dt_socket,address=127.0.0.1:49761,suspend=y,server=n -ea -Dfile.encoding=UTF-8 
java_command: com.intellij.rt.execution.junit.JUnitStarter -ideVersion5 org.nkelkar.algorithm.string.stringencoding.EncodeStringTest,testStringEncoding
Launcher Type: SUN_STANDARD

Environment Variables:
PATH=C:\Program Files (x86)\JetBrains\IntelliJ IDEA Community Edition 12.1.4\bin\..\.\bin;C:\oraclexe\app\oracle\product\11.2.0\server\bin;;C:\Windows\system32;C:\Windows;C:\Windows\System32\Wbem;C:\Windows\System32\WindowsPowerShell\v1.0\;C:\Program Files\WIDCOMM\Bluetooth Software\;C:\Program Files\WIDCOMM\Bluetooth Software\syswow64;C:\Program Files\Microsoft\Web Platform Installer\;C:\Program Files (x86)\Microsoft ASP.NET\ASP.NET Web Pages\v1.0\;C:\Program Files (x86)\Windows Kits\8.0\Windows Performance Toolkit\;C:\Program Files\Microsoft SQL Server\110\Tools\Binn\;c:\program files (x86)\jetbrains\intellij idea community edition 12.1.4\jre\jre\bin
USERNAME=dell
OS=Windows_NT
PROCESSOR_IDENTIFIER=Intel64 Family 6 Model 37 Stepping 2, GenuineIntel



---------------  S Y S T E M  ---------------

OS: Windows 7 , 64 bit Build 7601 Service Pack 1

CPU:total 4 (2 cores per cpu, 2 threads per core) family 6 model 37 stepping 2, cmov, cx8, fxsr, mmx, sse, sse2, sse3, ssse3, sse4.1, sse4.2, popcnt, ht

Memory: 4k page, physical 4051480k(856924k free), swap 8101096k(3404796k free)

vm_info: Java HotSpot(TM) 64-Bit Server VM (20.6-b01) for windows-amd64 JRE (1.6.0_31-b05), built on Feb  3 2012 18:34:57 by "java_re" with MS VC++ 8.0 (VS2005)

time: Sun Jan 12 17:47:16 2014
elapsed time: 1631 seconds

