#
# A fatal error has been detected by the Java Runtime Environment:
#
#  EXCEPTION_ACCESS_VIOLATION (0xc0000005) at pc=0x000000006d9faebb, pid=5544, tid=3704
#
# JRE version: 6.0_31-b05
# Java VM: Java HotSpot(TM) 64-Bit Server VM (20.6-b01 mixed mode windows-amd64 compressed oops)
# Problematic frame:
# V  [jvm.dll+0x14aebb]
#
# If you would like to submit a bug report, please visit:
#   http://java.sun.com/webapps/bugreport/crash.jsp
#

---------------  T H R E A D  ---------------

Current thread (0x0000000006604800):  JavaThread "JDWP Transport Listener: dt_socket" daemon [_thread_in_vm, id=3704, stack(0x0000000006a90000,0x0000000006b90000)]

siginfo: ExceptionCode=0xc0000005, reading address 0xffffffffffffffff

Registers:
RAX=0x0000000006b8f901, RBX=0x0000000006604800, RCX=0x003b003b656c6261, RDX=0x0000000006604800
RSP=0x0000000006b8f960, RBP=0x003b003b656c6261, RSI=0x0000000006b8fa40, RDI=0x00000000005594c0
R8 =0x0000000006b8fa40, R9 =0x0000000000000001, R10=0x0000000000000000, R11=0x0000000006b8fc14
R12=0x0000000000000001, R13=0x0000000000000000, R14=0x0000000000000000, R15=0x0000000000000000
RIP=0x000000006d9faebb, EFLAGS=0x0000000000010202

Top of Stack: (sp=0x0000000006b8f960)
0x0000000006b8f960:   0000000000000000 000000006d4e54d3
0x0000000006b8f970:   0000000006b8fb70 000000006dbbb8f5
0x0000000006b8f980:   0000000006604800 000000006dbdab6a
0x0000000006b8f990:   0000000000000000 0000000006604800
0x0000000006b8f9a0:   0000000006b8fa40 000000006d4e0d69
0x0000000006b8f9b0:   0000000006604800 0000000000000000
0x0000000006b8f9c0:   0000000000000000 0000000000000000
0x0000000006b8f9d0:   0000000000000001 000000006d4dff6e
0x0000000006b8f9e0:   0000000006b8fa40 00000000073f8788
0x0000000006b8f9f0:   0000000000000001 003b003b656c6261
0x0000000006b8fa00:   0000000000000001 003b003b656c6261
0x0000000006b8fa10:   0000000006b8fb70 000000006d4c4f64
0x0000000006b8fa20:   0000000006b8fb70 609e61060a000000
0x0000000006b8fa30:   000000000746fd80 0000000000000000
0x0000000006b8fa40:   0000000a06b8fb00 0000000000000000
0x0000000006b8fa50:   0000000000000000 0000000000000000 

Instructions: (pc=0x000000006d9faebb)
0x000000006d9fae9b:   7c 24 48 48 83 c4 28 c3 cc cc cc cc cc cc cc cc
0x000000006d9faeab:   cc cc cc cc cc 48 53 48 83 ec 20 48 85 c9 74 55
0x000000006d9faebb:   48 8b 19 48 85 db 74 4d 48 b8 fe fe fe fe fe fe
0x000000006d9faecb:   fe fe 48 3b d8 74 3e 80 3d a7 f9 5e 00 00 74 16 


Register to memory mapping:

RAX=0x0000000006b8f901 is pointing into the stack for thread: 0x0000000006604800
RBX=0x0000000006604800 is a thread
RCX=0x003b003b656c6261 is an unknown value
RDX=0x0000000006604800 is a thread
RSP=0x0000000006b8f960 is pointing into the stack for thread: 0x0000000006604800
RBP=0x003b003b656c6261 is an unknown value
RSI=0x0000000006b8fa40 is pointing into the stack for thread: 0x0000000006604800
RDI=0x00000000005594c0 is an unknown value
R8 =0x0000000006b8fa40 is pointing into the stack for thread: 0x0000000006604800
R9 =0x0000000000000001 is an unknown value
R10=0x0000000000000000 is an unknown value
R11=0x0000000006b8fc14 is pointing into the stack for thread: 0x0000000006604800
R12=0x0000000000000001 is an unknown value
R13=0x0000000000000000 is an unknown value
R14=0x0000000000000000 is an unknown value
R15=0x0000000000000000 is an unknown value


Stack: [0x0000000006a90000,0x0000000006b90000],  sp=0x0000000006b8f960,  free space=1022k
Native frames: (J=compiled Java code, j=interpreted, Vv=VM code, C=native code)
V  [jvm.dll+0x14aebb]


---------------  P R O C E S S  ---------------

Java Threads: ( => current thread )
  0x00000000065e9800 JavaThread "Low Memory Detector" daemon [_thread_blocked, id=5708, stack(0x00000000071b0000,0x00000000072b0000)]
  0x0000000006623800 JavaThread "C2 CompilerThread1" daemon [_thread_blocked, id=6692, stack(0x00000000070b0000,0x00000000071b0000)]
  0x0000000006618800 JavaThread "C2 CompilerThread0" daemon [_thread_blocked, id=3960, stack(0x0000000006fb0000,0x00000000070b0000)]
  0x000000000660d800 JavaThread "JDWP Command Reader" daemon [_thread_in_native, id=8068, stack(0x0000000006eb0000,0x0000000006fb0000)]
  0x000000000660c000 JavaThread "JDWP Event Helper Thread" daemon [_thread_blocked, id=6800, stack(0x0000000006db0000,0x0000000006eb0000)]
=>0x0000000006604800 JavaThread "JDWP Transport Listener: dt_socket" daemon [_thread_in_vm, id=3704, stack(0x0000000006a90000,0x0000000006b90000)]
  0x00000000065e9000 JavaThread "Attach Listener" daemon [_thread_blocked, id=3068, stack(0x0000000006990000,0x0000000006a90000)]
  0x00000000065e8000 JavaThread "Signal Dispatcher" daemon [_thread_blocked, id=7492, stack(0x0000000006890000,0x0000000006990000)]
  0x0000000006595800 JavaThread "Finalizer" daemon [_thread_blocked, id=3448, stack(0x0000000006790000,0x0000000006890000)]
  0x000000000052a800 JavaThread "Reference Handler" daemon [_thread_blocked, id=7540, stack(0x0000000006490000,0x0000000006590000)]
  0x000000000055c800 JavaThread "main" [_thread_blocked, id=7628, stack(0x0000000002510000,0x0000000002610000)]

Other Threads:
  0x0000000000525000 VMThread [stack: 0x0000000006390000,0x0000000006490000] [id=5412]
  0x0000000006619000 WatcherThread [stack: 0x00000000072b0000,0x00000000073b0000] [id=4112]

VM state:not at safepoint (normal execution)

VM Mutex/Monitor currently owned by a thread: None

Heap
 PSYoungGen      total 18496K, used 3190K [0x00000000eb600000, 0x00000000ecaa0000, 0x0000000100000000)
  eden space 15872K, 20% used [0x00000000eb600000,0x00000000eb91d850,0x00000000ec580000)
  from space 2624K, 0% used [0x00000000ec810000,0x00000000ec810000,0x00000000ecaa0000)
  to   space 2624K, 0% used [0x00000000ec580000,0x00000000ec580000,0x00000000ec810000)
 PSOldGen        total 42240K, used 0K [0x00000000c2200000, 0x00000000c4b40000, 0x00000000eb600000)
  object space 42240K, 0% used [0x00000000c2200000,0x00000000c2200000,0x00000000c4b40000)
 PSPermGen       total 21248K, used 4255K [0x00000000bd000000, 0x00000000be4c0000, 0x00000000c2200000)
  object space 21248K, 20% used [0x00000000bd000000,0x00000000bd427e40,0x00000000be4c0000)

Code Cache  [0x0000000002610000, 0x0000000002880000, 0x0000000005610000)
 total_blobs=196 nmethods=12 adapters=146 free_code_cache=49911424 largest_free_block=12416

Dynamic libraries:
0x0000000000400000 - 0x000000000042f000 	C:\Program Files\Java\jdk1.6.0_31\bin\java.exe
0x00000000778e0000 - 0x0000000077a89000 	C:\Windows\SYSTEM32\ntdll.dll
0x0000000074e40000 - 0x0000000074e8d000 	C:\Program Files\AVAST Software\Avast\snxhk64.dll
0x00000000777c0000 - 0x00000000778df000 	C:\Windows\system32\KERNEL32.dll
0x000007fefd860000 - 0x000007fefd8cb000 	C:\Windows\system32\KERNELBASE.dll
0x000007feffb10000 - 0x000007feffbeb000 	C:\Windows\system32\ADVAPI32.dll
0x000007feff720000 - 0x000007feff7bf000 	C:\Windows\system32\msvcrt.dll
0x000007feff680000 - 0x000007feff69f000 	C:\Windows\SYSTEM32\sechost.dll
0x000007fefdad0000 - 0x000007fefdbfd000 	C:\Windows\system32\RPCRT4.dll
0x000000006d8b0000 - 0x000000006e068000 	C:\Program Files\Java\jdk1.6.0_31\jre\bin\server\jvm.dll
0x00000000776c0000 - 0x00000000777ba000 	C:\Windows\system32\USER32.dll
0x000007fefddf0000 - 0x000007fefde57000 	C:\Windows\system32\GDI32.dll
0x000007fefdac0000 - 0x000007fefdace000 	C:\Windows\system32\LPK.dll
0x000007feff7c0000 - 0x000007feff889000 	C:\Windows\system32\USP10.dll
0x000007fefb840000 - 0x000007fefb87b000 	C:\Windows\system32\WINMM.dll
0x000007fefe100000 - 0x000007fefe12e000 	C:\Windows\system32\IMM32.DLL
0x000007fefdc00000 - 0x000007fefdd09000 	C:\Windows\system32\MSCTF.dll
0x000000006d820000 - 0x000000006d82e000 	C:\Program Files\Java\jdk1.6.0_31\jre\bin\verify.dll
0x000000006d450000 - 0x000000006d477000 	C:\Program Files\Java\jdk1.6.0_31\jre\bin\java.dll
0x000000006d4c0000 - 0x000000006d4f4000 	C:\Program Files\Java\jdk1.6.0_31\jre\bin\jdwp.dll
0x000000006d6e0000 - 0x000000006d6e8000 	C:\Program Files\Java\jdk1.6.0_31\jre\bin\npt.dll
0x000000006d870000 - 0x000000006d882000 	C:\Program Files\Java\jdk1.6.0_31\jre\bin\zip.dll
0x000000006d310000 - 0x000000006d319000 	C:\Program Files\Java\jdk1.6.0_31\jre\bin\dt_socket.dll
0x000007feffac0000 - 0x000007feffb0d000 	C:\Windows\system32\WS2_32.dll
0x000007feff5d0000 - 0x000007feff5d8000 	C:\Windows\system32\NSI.dll
0x000007fefcec0000 - 0x000007fefcf15000 	C:\Windows\system32\mswsock.dll
0x000007fefc8c0000 - 0x000007fefc8c7000 	C:\Windows\System32\wshtcpip.dll
0x0000000077aa0000 - 0x0000000077aa7000 	C:\Windows\system32\PSAPI.DLL

VM Arguments:
jvm_args: -agentlib:jdwp=transport=dt_socket,address=127.0.0.1:65436,suspend=y,server=n -ea -Dfile.encoding=UTF-8 
java_command: com.intellij.rt.execution.junit.JUnitStarter -ideVersion5 org.nkelkar.algorithm.string.stringencoding.EncodeStringTest,testStringEncoding
Launcher Type: SUN_STANDARD

Environment Variables:
PATH=C:\Program Files (x86)\JetBrains\IntelliJ IDEA Community Edition 12.1.4\bin\..\.\bin;C:\oraclexe\app\oracle\product\11.2.0\server\bin;;C:\Windows\system32;C:\Windows;C:\Windows\System32\Wbem;C:\Windows\System32\WindowsPowerShell\v1.0\;C:\Program Files\WIDCOMM\Bluetooth Software\;C:\Program Files\WIDCOMM\Bluetooth Software\syswow64;C:\Program Files\Microsoft\Web Platform Installer\;C:\Program Files (x86)\Microsoft ASP.NET\ASP.NET Web Pages\v1.0\;C:\Program Files (x86)\Windows Kits\8.0\Windows Performance Toolkit\;C:\Program Files\Microsoft SQL Server\110\Tools\Binn\;c:\program files (x86)\jetbrains\intellij idea community edition 12.1.4\jre\jre\bin
USERNAME=dell
OS=Windows_NT
PROCESSOR_IDENTIFIER=Intel64 Family 6 Model 37 Stepping 2, GenuineIntel



---------------  S Y S T E M  ---------------

OS: Windows 7 , 64 bit Build 7601 Service Pack 1

CPU:total 4 (2 cores per cpu, 2 threads per core) family 6 model 37 stepping 2, cmov, cx8, fxsr, mmx, sse, sse2, sse3, ssse3, sse4.1, sse4.2, popcnt, ht

Memory: 4k page, physical 4051480k(847984k free), swap 8101096k(3301104k free)

vm_info: Java HotSpot(TM) 64-Bit Server VM (20.6-b01) for windows-amd64 JRE (1.6.0_31-b05), built on Feb  3 2012 18:34:57 by "java_re" with MS VC++ 8.0 (VS2005)

time: Sun Jan 12 17:47:16 2014
elapsed time: 3822 seconds

